[  0%] Built target std_msgs_generate_messages_nodejs
[  0%] Built target actionlib_msgs_generate_messages_nodejs
[  0%] Built target geometry_msgs_generate_messages_nodejs
[  0%] Built target _tf2_msgs_generate_messages_check_deps_LookupTransformResult
[  0%] Built target _tf2_msgs_generate_messages_check_deps_FrameGraph
[  0%] Built target _tf2_msgs_generate_messages_check_deps_LookupTransformActionFeedback
[  0%] Built target _tf2_msgs_generate_messages_check_deps_LookupTransformFeedback
[  0%] Built target _tf2_msgs_generate_messages_check_deps_TF2Error
[  0%] Built target _tf2_msgs_generate_messages_check_deps_LookupTransformActionGoal
[  0%] Built target std_msgs_generate_messages_lisp
[  0%] Built target geometry_msgs_generate_messages_lisp
[  0%] Built target actionlib_msgs_generate_messages_lisp
[  0%] Built target _tf2_msgs_generate_messages_check_deps_LookupTransformAction
[  0%] Built target _tf2_msgs_generate_messages_check_deps_TFMessage
[  0%] Built target std_msgs_generate_messages_cpp
[  0%] Built target actionlib_msgs_generate_messages_eus
[  0%] Built target std_msgs_generate_messages_eus
[  0%] Built target _tf2_msgs_generate_messages_check_deps_LookupTransformActionResult
[  0%] Built target geometry_msgs_generate_messages_cpp
[  0%] Built target geometry_msgs_generate_messages_eus
[  0%] Built target actionlib_msgs_generate_messages_cpp
[  0%] Built target _tf2_msgs_generate_messages_check_deps_LookupTransformGoal
[  0%] Built target geometry_msgs_generate_messages_py
[  0%] Built target actionlib_msgs_generate_messages_py
[  0%] Built target std_msgs_generate_messages_py
[ 18%] Built target tf2_msgs_generate_messages_nodejs
[ 37%] Built target tf2_msgs_generate_messages_lisp
[ 39%] [34m[1mGenerating C++ code from tf2_msgs/LookupTransformAction.msg[0m
[ 41%] [34m[1mGenerating C++ code from tf2_msgs/TF2Error.msg[0m
[ 43%] [34m[1mGenerating C++ code from tf2_msgs/LookupTransformActionGoal.msg[0m
[ 64%] Built target tf2_msgs_generate_messages_eus
[ 66%] [34m[1mGenerating C++ code from tf2_msgs/TFMessage.msg[0m
[ 67%] [34m[1mGenerating C++ code from tf2_msgs/LookupTransformActionResult.msg[0m
[ 69%] [34m[1mGenerating C++ code from tf2_msgs/LookupTransformActionFeedback.msg[0m
[ 71%] [34m[1mGenerating C++ code from tf2_msgs/LookupTransformGoal.msg[0m
[ 94%] Built target tf2_msgs_generate_messages_py
[ 96%] [34m[1mGenerating C++ code from tf2_msgs/LookupTransformResult.msg[0m
[100%] [34m[1mGenerating C++ code from tf2_msgs/FrameGraph.srv[0m
[100%] [34m[1mGenerating C++ code from tf2_msgs/LookupTransformFeedback.msg[0m
[100%] Built target tf2_msgs_generate_messages_cpp
[35m[1mScanning dependencies of target tf2_msgs_generate_messages[0m
[100%] Built target tf2_msgs_generate_messages
