Determining if the pthread_create exist failed with the following output:
Change Dir: /home/vdorbala/catkin_ws/build/tf2_py/CMakeFiles/CMakeTmp

Run Build Command:"/usr/bin/make" "cmTC_f236c/fast"
/usr/bin/make -f CMakeFiles/cmTC_f236c.dir/build.make CMakeFiles/cmTC_f236c.dir/build
make[1]: Entering directory '/home/vdorbala/catkin_ws/build/tf2_py/CMakeFiles/CMakeTmp'
Building C object CMakeFiles/cmTC_f236c.dir/CheckSymbolExists.c.o
/usr/bin/cc    -o CMakeFiles/cmTC_f236c.dir/CheckSymbolExists.c.o   -c /home/vdorbala/catkin_ws/build/tf2_py/CMakeFiles/CMakeTmp/CheckSymbolExists.c
Linking C executable cmTC_f236c
/usr/bin/cmake -E cmake_link_script CMakeFiles/cmTC_f236c.dir/link.txt --verbose=1
/usr/bin/cc      -rdynamic CMakeFiles/cmTC_f236c.dir/CheckSymbolExists.c.o  -o cmTC_f236c 
CMakeFiles/cmTC_f236c.dir/CheckSymbolExists.c.o: In function `main':
CheckSymbolExists.c:(.text+0x1b): undefined reference to `pthread_create'
collect2: error: ld returned 1 exit status
CMakeFiles/cmTC_f236c.dir/build.make:97: recipe for target 'cmTC_f236c' failed
make[1]: *** [cmTC_f236c] Error 1
make[1]: Leaving directory '/home/vdorbala/catkin_ws/build/tf2_py/CMakeFiles/CMakeTmp'
Makefile:126: recipe for target 'cmTC_f236c/fast' failed
make: *** [cmTC_f236c/fast] Error 2

File /home/vdorbala/catkin_ws/build/tf2_py/CMakeFiles/CMakeTmp/CheckSymbolExists.c:
/* */
#include <pthread.h>

int main(int argc, char** argv)
{
  (void)argv;
#ifndef pthread_create
  return ((int*)(&pthread_create))[argc];
#else
  (void)argc;
  return 0;
#endif
}

Determining if the function pthread_create exists in the pthreads failed with the following output:
Change Dir: /home/vdorbala/catkin_ws/build/tf2_py/CMakeFiles/CMakeTmp

Run Build Command:"/usr/bin/make" "cmTC_ff9cb/fast"
/usr/bin/make -f CMakeFiles/cmTC_ff9cb.dir/build.make CMakeFiles/cmTC_ff9cb.dir/build
make[1]: Entering directory '/home/vdorbala/catkin_ws/build/tf2_py/CMakeFiles/CMakeTmp'
Building C object CMakeFiles/cmTC_ff9cb.dir/CheckFunctionExists.c.o
/usr/bin/cc   -DCHECK_FUNCTION_EXISTS=pthread_create   -o CMakeFiles/cmTC_ff9cb.dir/CheckFunctionExists.c.o   -c /usr/share/cmake-3.10/Modules/CheckFunctionExists.c
Linking C executable cmTC_ff9cb
/usr/bin/cmake -E cmake_link_script CMakeFiles/cmTC_ff9cb.dir/link.txt --verbose=1
/usr/bin/cc  -DCHECK_FUNCTION_EXISTS=pthread_create    -rdynamic CMakeFiles/cmTC_ff9cb.dir/CheckFunctionExists.c.o  -o cmTC_ff9cb -lpthreads 
/usr/bin/ld: cannot find -lpthreads
collect2: error: ld returned 1 exit status
CMakeFiles/cmTC_ff9cb.dir/build.make:97: recipe for target 'cmTC_ff9cb' failed
make[1]: *** [cmTC_ff9cb] Error 1
make[1]: Leaving directory '/home/vdorbala/catkin_ws/build/tf2_py/CMakeFiles/CMakeTmp'
Makefile:126: recipe for target 'cmTC_ff9cb/fast' failed
make: *** [cmTC_ff9cb/fast] Error 2


