Determining if the pthread_create exist failed with the following output:
Change Dir: /home/vdorbala/catkin_ws/build/catkin_tools_prebuild/CMakeFiles/CMakeTmp

Run Build Command:"/usr/bin/make" "cmTC_36561/fast"
/usr/bin/make -f CMakeFiles/cmTC_36561.dir/build.make CMakeFiles/cmTC_36561.dir/build
make[1]: Entering directory '/home/vdorbala/catkin_ws/build/catkin_tools_prebuild/CMakeFiles/CMakeTmp'
Building C object CMakeFiles/cmTC_36561.dir/CheckSymbolExists.c.o
/usr/bin/cc    -o CMakeFiles/cmTC_36561.dir/CheckSymbolExists.c.o   -c /home/vdorbala/catkin_ws/build/catkin_tools_prebuild/CMakeFiles/CMakeTmp/CheckSymbolExists.c
Linking C executable cmTC_36561
/usr/bin/cmake -E cmake_link_script CMakeFiles/cmTC_36561.dir/link.txt --verbose=1
/usr/bin/cc      -rdynamic CMakeFiles/cmTC_36561.dir/CheckSymbolExists.c.o  -o cmTC_36561 
CMakeFiles/cmTC_36561.dir/CheckSymbolExists.c.o: In function `main':
CheckSymbolExists.c:(.text+0x1b): undefined reference to `pthread_create'
collect2: error: ld returned 1 exit status
CMakeFiles/cmTC_36561.dir/build.make:97: recipe for target 'cmTC_36561' failed
make[1]: *** [cmTC_36561] Error 1
make[1]: Leaving directory '/home/vdorbala/catkin_ws/build/catkin_tools_prebuild/CMakeFiles/CMakeTmp'
Makefile:126: recipe for target 'cmTC_36561/fast' failed
make: *** [cmTC_36561/fast] Error 2

File /home/vdorbala/catkin_ws/build/catkin_tools_prebuild/CMakeFiles/CMakeTmp/CheckSymbolExists.c:
/* */
#include <pthread.h>

int main(int argc, char** argv)
{
  (void)argv;
#ifndef pthread_create
  return ((int*)(&pthread_create))[argc];
#else
  (void)argc;
  return 0;
#endif
}

Determining if the function pthread_create exists in the pthreads failed with the following output:
Change Dir: /home/vdorbala/catkin_ws/build/catkin_tools_prebuild/CMakeFiles/CMakeTmp

Run Build Command:"/usr/bin/make" "cmTC_649c8/fast"
/usr/bin/make -f CMakeFiles/cmTC_649c8.dir/build.make CMakeFiles/cmTC_649c8.dir/build
make[1]: Entering directory '/home/vdorbala/catkin_ws/build/catkin_tools_prebuild/CMakeFiles/CMakeTmp'
Building C object CMakeFiles/cmTC_649c8.dir/CheckFunctionExists.c.o
/usr/bin/cc   -DCHECK_FUNCTION_EXISTS=pthread_create   -o CMakeFiles/cmTC_649c8.dir/CheckFunctionExists.c.o   -c /usr/share/cmake-3.10/Modules/CheckFunctionExists.c
Linking C executable cmTC_649c8
/usr/bin/cmake -E cmake_link_script CMakeFiles/cmTC_649c8.dir/link.txt --verbose=1
/usr/bin/cc  -DCHECK_FUNCTION_EXISTS=pthread_create    -rdynamic CMakeFiles/cmTC_649c8.dir/CheckFunctionExists.c.o  -o cmTC_649c8 -lpthreads 
/usr/bin/ld: cannot find -lpthreads
collect2: error: ld returned 1 exit status
CMakeFiles/cmTC_649c8.dir/build.make:97: recipe for target 'cmTC_649c8' failed
make[1]: *** [cmTC_649c8] Error 1
make[1]: Leaving directory '/home/vdorbala/catkin_ws/build/catkin_tools_prebuild/CMakeFiles/CMakeTmp'
Makefile:126: recipe for target 'cmTC_649c8/fast' failed
make: *** [cmTC_649c8/fast] Error 2


