Determining if the pthread_create exist failed with the following output:
Change Dir: /home/vdorbala/catkin_ws/build/tf2_bullet/CMakeFiles/CMakeTmp

Run Build Command:"/usr/bin/make" "cmTC_c9101/fast"
/usr/bin/make -f CMakeFiles/cmTC_c9101.dir/build.make CMakeFiles/cmTC_c9101.dir/build
make[1]: Entering directory '/home/vdorbala/catkin_ws/build/tf2_bullet/CMakeFiles/CMakeTmp'
Building C object CMakeFiles/cmTC_c9101.dir/CheckSymbolExists.c.o
/usr/bin/cc    -o CMakeFiles/cmTC_c9101.dir/CheckSymbolExists.c.o   -c /home/vdorbala/catkin_ws/build/tf2_bullet/CMakeFiles/CMakeTmp/CheckSymbolExists.c
Linking C executable cmTC_c9101
/usr/bin/cmake -E cmake_link_script CMakeFiles/cmTC_c9101.dir/link.txt --verbose=1
/usr/bin/cc      -rdynamic CMakeFiles/cmTC_c9101.dir/CheckSymbolExists.c.o  -o cmTC_c9101 
CMakeFiles/cmTC_c9101.dir/CheckSymbolExists.c.o: In function `main':
CheckSymbolExists.c:(.text+0x1b): undefined reference to `pthread_create'
collect2: error: ld returned 1 exit status
CMakeFiles/cmTC_c9101.dir/build.make:97: recipe for target 'cmTC_c9101' failed
make[1]: *** [cmTC_c9101] Error 1
make[1]: Leaving directory '/home/vdorbala/catkin_ws/build/tf2_bullet/CMakeFiles/CMakeTmp'
Makefile:126: recipe for target 'cmTC_c9101/fast' failed
make: *** [cmTC_c9101/fast] Error 2

File /home/vdorbala/catkin_ws/build/tf2_bullet/CMakeFiles/CMakeTmp/CheckSymbolExists.c:
/* */
#include <pthread.h>

int main(int argc, char** argv)
{
  (void)argv;
#ifndef pthread_create
  return ((int*)(&pthread_create))[argc];
#else
  (void)argc;
  return 0;
#endif
}

Determining if the function pthread_create exists in the pthreads failed with the following output:
Change Dir: /home/vdorbala/catkin_ws/build/tf2_bullet/CMakeFiles/CMakeTmp

Run Build Command:"/usr/bin/make" "cmTC_bb90b/fast"
/usr/bin/make -f CMakeFiles/cmTC_bb90b.dir/build.make CMakeFiles/cmTC_bb90b.dir/build
make[1]: Entering directory '/home/vdorbala/catkin_ws/build/tf2_bullet/CMakeFiles/CMakeTmp'
Building C object CMakeFiles/cmTC_bb90b.dir/CheckFunctionExists.c.o
/usr/bin/cc   -DCHECK_FUNCTION_EXISTS=pthread_create   -o CMakeFiles/cmTC_bb90b.dir/CheckFunctionExists.c.o   -c /usr/share/cmake-3.10/Modules/CheckFunctionExists.c
Linking C executable cmTC_bb90b
/usr/bin/cmake -E cmake_link_script CMakeFiles/cmTC_bb90b.dir/link.txt --verbose=1
/usr/bin/cc  -DCHECK_FUNCTION_EXISTS=pthread_create    -rdynamic CMakeFiles/cmTC_bb90b.dir/CheckFunctionExists.c.o  -o cmTC_bb90b -lpthreads 
/usr/bin/ld: cannot find -lpthreads
collect2: error: ld returned 1 exit status
CMakeFiles/cmTC_bb90b.dir/build.make:97: recipe for target 'cmTC_bb90b' failed
make[1]: *** [cmTC_bb90b] Error 1
make[1]: Leaving directory '/home/vdorbala/catkin_ws/build/tf2_bullet/CMakeFiles/CMakeTmp'
Makefile:126: recipe for target 'cmTC_bb90b/fast' failed
make: *** [cmTC_bb90b/fast] Error 2


