Determining if the pthread_create exist failed with the following output:
Change Dir: /home/vdorbala/catkin_ws/build/tf2_geometry_msgs/CMakeFiles/CMakeTmp

Run Build Command:"/usr/bin/make" "cmTC_ca021/fast"
/usr/bin/make -f CMakeFiles/cmTC_ca021.dir/build.make CMakeFiles/cmTC_ca021.dir/build
make[1]: Entering directory '/home/vdorbala/catkin_ws/build/tf2_geometry_msgs/CMakeFiles/CMakeTmp'
Building C object CMakeFiles/cmTC_ca021.dir/CheckSymbolExists.c.o
/usr/bin/cc    -o CMakeFiles/cmTC_ca021.dir/CheckSymbolExists.c.o   -c /home/vdorbala/catkin_ws/build/tf2_geometry_msgs/CMakeFiles/CMakeTmp/CheckSymbolExists.c
Linking C executable cmTC_ca021
/usr/bin/cmake -E cmake_link_script CMakeFiles/cmTC_ca021.dir/link.txt --verbose=1
/usr/bin/cc      -rdynamic CMakeFiles/cmTC_ca021.dir/CheckSymbolExists.c.o  -o cmTC_ca021 
CMakeFiles/cmTC_ca021.dir/CheckSymbolExists.c.o: In function `main':
CheckSymbolExists.c:(.text+0x1b): undefined reference to `pthread_create'
collect2: error: ld returned 1 exit status
CMakeFiles/cmTC_ca021.dir/build.make:97: recipe for target 'cmTC_ca021' failed
make[1]: *** [cmTC_ca021] Error 1
make[1]: Leaving directory '/home/vdorbala/catkin_ws/build/tf2_geometry_msgs/CMakeFiles/CMakeTmp'
Makefile:126: recipe for target 'cmTC_ca021/fast' failed
make: *** [cmTC_ca021/fast] Error 2

File /home/vdorbala/catkin_ws/build/tf2_geometry_msgs/CMakeFiles/CMakeTmp/CheckSymbolExists.c:
/* */
#include <pthread.h>

int main(int argc, char** argv)
{
  (void)argv;
#ifndef pthread_create
  return ((int*)(&pthread_create))[argc];
#else
  (void)argc;
  return 0;
#endif
}

Determining if the function pthread_create exists in the pthreads failed with the following output:
Change Dir: /home/vdorbala/catkin_ws/build/tf2_geometry_msgs/CMakeFiles/CMakeTmp

Run Build Command:"/usr/bin/make" "cmTC_e7b07/fast"
/usr/bin/make -f CMakeFiles/cmTC_e7b07.dir/build.make CMakeFiles/cmTC_e7b07.dir/build
make[1]: Entering directory '/home/vdorbala/catkin_ws/build/tf2_geometry_msgs/CMakeFiles/CMakeTmp'
Building C object CMakeFiles/cmTC_e7b07.dir/CheckFunctionExists.c.o
/usr/bin/cc   -DCHECK_FUNCTION_EXISTS=pthread_create   -o CMakeFiles/cmTC_e7b07.dir/CheckFunctionExists.c.o   -c /usr/share/cmake-3.10/Modules/CheckFunctionExists.c
Linking C executable cmTC_e7b07
/usr/bin/cmake -E cmake_link_script CMakeFiles/cmTC_e7b07.dir/link.txt --verbose=1
/usr/bin/cc  -DCHECK_FUNCTION_EXISTS=pthread_create    -rdynamic CMakeFiles/cmTC_e7b07.dir/CheckFunctionExists.c.o  -o cmTC_e7b07 -lpthreads 
/usr/bin/ld: cannot find -lpthreads
collect2: error: ld returned 1 exit status
CMakeFiles/cmTC_e7b07.dir/build.make:97: recipe for target 'cmTC_e7b07' failed
make[1]: *** [cmTC_e7b07] Error 1
make[1]: Leaving directory '/home/vdorbala/catkin_ws/build/tf2_geometry_msgs/CMakeFiles/CMakeTmp'
Makefile:126: recipe for target 'cmTC_e7b07/fast' failed
make: *** [cmTC_e7b07/fast] Error 2


