Not searching for unused variables given on the command line.
[36m--[0m Using CATKIN_DEVEL_PREFIX: /home/vdorbala/catkin_ws/devel/.private/tf2_kdl
[36m--[0m Using CMAKE_PREFIX_PATH: /home/vdorbala/catkin_ws/devel;/opt/ros/melodic
[36m--[0m This workspace overlays: /home/vdorbala/catkin_ws/devel;/opt/ros/melodic
[36m--[0m Found PythonInterp: /scratch/miniconda3/envs/py38/bin/python3 (found suitable version "3.8.16", minimum required is "2")
[36m--[0m Using PYTHON_EXECUTABLE: /scratch/miniconda3/envs/py38/bin/python3
[36m--[0m Using Debian Python package layout
[36m--[0m Using empy: /usr/bin/empy
[36m--[0m Using CATKIN_ENABLE_TESTING: ON
[36m--[0m Call enable_testing()
[36m--[0m Using CATKIN_TEST_RESULTS_DIR: /home/vdorbala/catkin_ws/build/tf2_kdl/test_results
[36m--[0m Found gtest sources under '/usr/src/googletest': gtests will be built
[36m--[0m Found gmock sources under '/usr/src/googletest': gmock will be built
[36m--[0m Found PythonInterp: /scratch/miniconda3/envs/py38/bin/python3 (found version "3.8.16")
[36m--[0m Using Python nosetests: /usr/bin/nosetests
[36m--[0m catkin 0.7.29
[36m--[0m BUILD_SHARED_LIBS is on
[36m--[0m Using these message generators: gencpp;geneus;genlisp;gennodejs;genpy
[36m--[0m Configuring done
[36m--[0m Generating done
[36m--[0m Build files have been written to: /home/vdorbala/catkin_ws/build/tf2_kdl
